2024-06-19 09:44:27.421 [info] Extension host with pid 3222 started
2024-06-19 09:44:27.469 [info] ExtensionService#_doActivateExtension vscode.git-base, startup: true, activationEvent: '*', root cause: vscode.git
2024-06-19 09:44:27.523 [info] ExtensionService#_doActivateExtension vscode.git, startup: true, activationEvent: '*'
2024-06-19 09:44:27.863 [info] ExtensionService#_doActivateExtension vscode.github, startup: true, activationEvent: '*'
2024-06-19 09:44:28.313 [info] Eager extensions activated
2024-06-19 09:44:28.314 [info] ExtensionService#_doActivateExtension vscode.debug-auto-launch, startup: false, activationEvent: 'onStartupFinished'
2024-06-19 09:44:28.349 [info] ExtensionService#_doActivateExtension vscode.merge-conflict, startup: false, activationEvent: 'onStartupFinished'
2024-06-19 09:56:04.883 [info] Extension host terminating: renderer closed the MessagePort
2024-06-19 09:56:04.891 [info] Extension host with pid 3222 exiting with code 0
2024-06-19 09:56:05.898 [info] Extension host with pid 3460 started
2024-06-19 09:56:05.898 [info] Skipping acquiring lock for /root/cmd/cmd/User/workspaceStorage/aa5b617c28b0aa60d6c8c4aa44cdf409.
2024-06-19 09:56:05.936 [info] ExtensionService#_doActivateExtension vscode.git-base, startup: true, activationEvent: '*'
2024-06-19 09:56:05.942 [info] ExtensionService#_doActivateExtension vscode.github, startup: true, activationEvent: '*'
2024-06-19 09:56:05.956 [info] Eager extensions activated
2024-06-19 09:56:06.021 [info] ExtensionService#_doActivateExtension vscode.debug-auto-launch, startup: false, activationEvent: 'onStartupFinished'
2024-06-19 09:56:06.023 [info] ExtensionService#_doActivateExtension vscode.merge-conflict, startup: false, activationEvent: 'onStartupFinished'
2024-06-19 09:56:07.809 [info] ExtensionService#_doActivateExtension vscode.git, startup: false, activationEvent: 'api', root cause: vscode.github
2024-06-19 09:56:12.702 [info] ExtensionService#_doActivateExtension vscode.emmet, startup: false, activationEvent: 'onLanguage'
2024-06-19 10:01:22.312 [info] ExtensionService#_doActivateExtension vscode.json-language-features, startup: false, activationEvent: 'onLanguage:jsonc'
2024-06-19 10:01:22.408 [info] ExtensionService#_doActivateExtension vscode.typescript-language-features, startup: false, activationEvent: 'onLanguage:jsonc'
